<?xml version="1.0" encoding="UTF-8"?>
<robot generator="Robot 3.2.2 (Python 3.11.3 on win32)" generated="20230601 23:49:55.404" rpa="false">
<suite id="s1" name="RobotTest PA2" source="D:\ToolsQA\RobotTest_PA2">
<suite id="s1-s1" name="testLogin" source="D:\ToolsQA\RobotTest_PA2\testLogin.robot">
<test id="s1-s1-t1" name=" Login1">
<kw name="Open Browser" library="SeleniumLibrary">
<doc>Opens a new browser instance to the optional ``url``.</doc>
<arguments>
<arg>http://127.0.0.1:8000/login</arg>
<arg>chrome</arg>
</arguments>
<msg timestamp="20230601 23:49:55.710" level="INFO">Opening browser 'chrome' to base url 'http://127.0.0.1:8000/login'.</msg>
<status status="PASS" starttime="20230601 23:49:55.710" endtime="20230601 23:49:58.509"></status>
</kw>
<kw name="Set Selenium Implicit Wait" library="SeleniumLibrary">
<doc>Sets the implicit wait value used by Selenium.</doc>
<arguments>
<arg>5</arg>
</arguments>
<status status="PASS" starttime="20230601 23:49:58.510" endtime="20230601 23:49:58.515"></status>
</kw>
<kw name="Sleep" library="BuiltIn">
<doc>Pauses the test executed for the given time.</doc>
<arguments>
<arg>2</arg>
</arguments>
<msg timestamp="20230601 23:50:00.516" level="INFO">Slept 2 seconds</msg>
<status status="PASS" starttime="20230601 23:49:58.515" endtime="20230601 23:50:00.516"></status>
</kw>
<kw name="Input Text" library="SeleniumLibrary">
<doc>Types the given ``text`` into the text field identified by ``locator``.</doc>
<arguments>
<arg>name</arg>
<arg>David Partogi Sitorus</arg>
</arguments>
<msg timestamp="20230601 23:50:00.519" level="INFO">Typing text 'David Partogi Sitorus' into text field 'name'.</msg>
<status status="PASS" starttime="20230601 23:50:00.517" endtime="20230601 23:50:00.719"></status>
</kw>
<kw name="Input Password" library="SeleniumLibrary">
<doc>Types the given password into the text field identified by ``locator``.</doc>
<arguments>
<arg>password</arg>
<arg>Davidsitorus@20</arg>
</arguments>
<msg timestamp="20230601 23:50:00.721" level="INFO">Typing password into text field 'password'.</msg>
<msg timestamp="20230601 23:50:00.788" level="INFO">Temporally setting log level to: NONE</msg>
<msg timestamp="20230601 23:50:00.882" level="INFO">Log level changed from NONE to INFO.</msg>
<status status="PASS" starttime="20230601 23:50:00.720" endtime="20230601 23:50:00.882"></status>
</kw>
<kw name="Click Element" library="SeleniumLibrary">
<doc>Click the element identified by ``locator``.</doc>
<arguments>
<arg>xpath=/html/body/div[1]/form/div[3]/div[1]/input</arg>
</arguments>
<msg timestamp="20230601 23:50:00.884" level="INFO">Clicking element 'xpath=/html/body/div[1]/form/div[3]/div[1]/input'.</msg>
<status status="PASS" starttime="20230601 23:50:00.883" endtime="20230601 23:50:00.962"></status>
</kw>
<kw name="Sleep" library="BuiltIn">
<doc>Pauses the test executed for the given time.</doc>
<arguments>
<arg>10</arg>
</arguments>
<msg timestamp="20230601 23:50:10.964" level="INFO">Slept 10 seconds</msg>
<status status="PASS" starttime="20230601 23:50:00.963" endtime="20230601 23:50:10.964"></status>
</kw>
<kw name="Close Browser" library="SeleniumLibrary">
<doc>Closes the current browser.</doc>
<status status="PASS" starttime="20230601 23:50:10.965" endtime="20230601 23:50:13.034"></status>
</kw>
<kw name="Log" library="BuiltIn">
<doc>Logs the given message with the given level.</doc>
<arguments>
<arg>Test Completed</arg>
</arguments>
<msg timestamp="20230601 23:50:13.036" level="INFO">Test Completed</msg>
<status status="PASS" starttime="20230601 23:50:13.035" endtime="20230601 23:50:13.037"></status>
</kw>
<status status="PASS" starttime="20230601 23:49:55.709" endtime="20230601 23:50:13.037" critical="yes"></status>
</test>
<status status="PASS" starttime="20230601 23:49:55.476" endtime="20230601 23:50:13.039"></status>
</suite>
<status status="PASS" starttime="20230601 23:49:55.453" endtime="20230601 23:50:13.044"></status>
</suite>
<statistics>
<total>
<stat pass="1" fail="0">Critical Tests</stat>
<stat pass="1" fail="0">All Tests</stat>
</total>
<tag>
</tag>
<suite>
<stat pass="1" fail="0" id="s1" name="RobotTest PA2">RobotTest PA2</stat>
<stat pass="1" fail="0" id="s1-s1" name="testLogin">RobotTest PA2.testLogin</stat>
</suite>
</statistics>
<errors>
</errors>
</robot>
